<?xml version="1.0" encoding="UTF-8" ?>
<testsuite tests="7" failures="0" name="com.sample.whishlist.api.generated.DefaultWishlistsResourceTest" time="2.107" errors="0" skipped="0">
  <properties>
[...]
</properties>
  <testcase classname="com.sample.whishlist.api.generated.DefaultWishlistsResourceTest" name="testPutByWishlistIdWithWishlist" time="1.368"/>
  <testcase classname="com.sample.whishlist.api.generated.DefaultWishlistsResourceTest" name="testGet" time="0.128"/>
  <testcase classname="com.sample.whishlist.api.generated.DefaultWishlistsResourceTest" name="testPostByWishlistIdWishlistItemsWithWishlistItem" time="0.139"/>
  <testcase classname="com.sample.whishlist.api.generated.DefaultWishlistsResourceTest" name="testGetByWishlistIdWishlistItems" time="0.11"/>
  <testcase classname="com.sample.whishlist.api.generated.DefaultWishlistsResourceTest" name="testPostWithWishlist" time="0.09"/>
  <testcase classname="com.sample.whishlist.api.generated.DefaultWishlistsResourceTest" name="testDeleteByWishlistId" time="0.084"/>
  <testcase classname="com.sample.whishlist.api.generated.DefaultWishlistsResourceTest" name="testGetByWishlistId" time="0.081"/>
</testsuite>